<?xml version="1.0" encoding="UTF-8"?>
<!-- Generated by org.testng.reporters.JUnitReportReporter -->
<testsuite hostname="LAPTOP-M00U3UM5" failures="0" tests="1" name="TestCaseExecution.ResuableMethods" time="18.290" errors="0" timestamp="2023-11-13T11:45:51 IST" skipped="0">
  <testcase classname="TestCaseExecution.ResuableMethods" name="testCases" time="18.290"/>
</testsuite> <!-- TestCaseExecution.ResuableMethods -->
