<?xml version="1.0" encoding="UTF-8"?>
<!-- Generated by org.testng.reporters.JUnitReportReporter -->
<testsuite hostname="LAPTOP-M00U3UM5" failures="0" tests="1" name="TestCaseExecution.ScriptCoding" time="28.367" errors="0" timestamp="2023-11-17T10:35:45 IST" skipped="0">
  <testcase classname="TestCaseExecution.ScriptCoding" name="testCases" time="28.367"/>
</testsuite> <!-- TestCaseExecution.ScriptCoding -->
