<?xml version="1.0" encoding="UTF-8"?>
<!-- Generated by org.testng.reporters.JUnitReportReporter -->
<testsuite hostname="LAPTOP-M00U3UM5" failures="0" tests="1" name="TestCaseExecution.ExecuteTestCase" time="269.085" errors="0" timestamp="2023-11-17T16:21:07 IST" skipped="0">
  <testcase classname="TestCaseExecution.ExecuteTestCase" name="testCases" time="269.085"/>
</testsuite> <!-- TestCaseExecution.ExecuteTestCase -->
