<?xml version="1.0" encoding="UTF-8"?>
<!-- Generated by org.testng.reporters.JUnitReportReporter -->
<testsuite hostname="LAPTOP-M00U3UM5" failures="0" tests="1" name="BasePack.BaseClass" time="61.733" errors="0" timestamp="2024-02-02T15:34:57 IST" skipped="0">
  <testcase classname="BasePack.BaseClass" name="f" time="61.733"/>
</testsuite> <!-- BasePack.BaseClass -->
