<?xml version="1.0" encoding="UTF-8"?>
<!-- Generated by org.testng.reporters.JUnitReportReporter -->
<testsuite hostname="LAPTOP-M00U3UM5" failures="0" tests="1" name="TestExecution.Scripting" time="135.807" errors="0" timestamp="2024-02-13T12:11:54 IST" skipped="0">
  <testcase classname="TestExecution.Scripting" name="Execute" time="135.807"/>
</testsuite> <!-- TestExecution.Scripting -->
