<?xml version="1.0" encoding="UTF-8"?>
<!-- Generated by org.testng.reporters.JUnitReportReporter -->
<testsuite hostname="LAPTOP-M00U3UM5" failures="0" tests="1" name="TestExecution.ExecutionClass" time="143.072" errors="0" timestamp="2024-02-16T14:45:50 IST" skipped="0">
  <testcase classname="TestExecution.ExecutionClass" name="Execute" time="143.072"/>
</testsuite> <!-- TestExecution.ExecutionClass -->
